<?xml version="1.0" encoding="utf-8"?><testsuites name="pytest tests"><testsuite name="pytest" errors="0" failures="0" skipped="0" tests="15" time="3.680" timestamp="2026-06-15T05:53:40.068218+00:00" hostname="agent-env-0af54326-c386-4164-89ae-e716a7081a7b"><testcase classname="backend.tests.test_api" name="test_root" time="0.225" /><testcase classname="backend.tests.test_api" name="test_companies" time="0.047" /><testcase classname="backend.tests.test_api" name="test_scrape" time="0.677" /><testcase classname="backend.tests.test_api" name="test_jobs_list" time="1.317" /><testcase classname="backend.tests.test_api" name="test_jobs_filter_role_sre" time="0.285" /><testcase classname="backend.tests.test_api" name="test_jobs_search_kubernetes" time="0.048" /><testcase classname="backend.tests.test_api" name="test_get_job_by_id" time="0.108" /><testcase classname="backend.tests.test_api" name="test_get_job_404" time="0.054" /><testcase classname="backend.tests.test_api" name="test_upload_pdf" time="0.298" /><testcase classname="backend.tests.test_api" name="test_upload_docx" time="0.130" /><testcase classname="backend.tests.test_api" name="test_upload_txt_rejected" time="0.051" /><testcase classname="backend.tests.test_api" name="test_analyze_404_resume" time="0.093" /><testcase classname="backend.tests.test_api" name="test_analyze_404_job" time="0.051" /><testcase classname="backend.tests.test_api" name="test_analyze_400_no_key" time="0.091" /><testcase classname="backend.tests.test_api" name="test_download_404" time="0.044" /></testsuite></testsuites>